Using pre-set license
Built from '2020.2/release' branch; Version is '2020.2.4f1 (becced5a802b) revision 12504301'; Using compiler version '192528614'; Build Type 'Release'
OS: 'Windows 10 Home; OS build 19042.1165; Version 2009; 64bit' Language: 'en' Physical Memory: 8150 MB
BatchMode: 1, IsHumanControllingUs: 0, StartBugReporterOnCrash: 0, Is64bit: 1, IsPro: 0

 COMMAND LINE ARGUMENTS:
C:\Program Files\Unity\Hub\Editor\2020.2.4f1\Editor\Unity.exe
-adb2
-batchMode
-noUpm
-name
AssetImportWorker0
-projectPath
C:/Users/joegr/Documents/UNIVERSITY MASTERS - WATSON/LanguageTranslatorTutorialTest
-logFile
Logs/AssetImportWorker0.log
-srvPort
49474
Successfully changed project path to: C:/Users/joegr/Documents/UNIVERSITY MASTERS - WATSON/LanguageTranslatorTutorialTest
C:/Users/joegr/Documents/UNIVERSITY MASTERS - WATSON/LanguageTranslatorTutorialTest
Using Asset Import Pipeline V2.
Refreshing native plugins compatible for Editor in 35.31 ms, found 0 plugins.
Preloading 0 native plugins for Editor in 0.00 ms.
Initialize engine version: 2020.2.4f1 (becced5a802b)
[Subsystems] Discovering subsystems at path C:/Program Files/Unity/Hub/Editor/2020.2.4f1/Editor/Data/Resources/UnitySubsystems
[Subsystems] Discovering subsystems at path C:/Users/joegr/Documents/UNIVERSITY MASTERS - WATSON/LanguageTranslatorTutorialTest/Assets
GfxDevice: creating device client; threaded=0
Direct3D:
    Version:  Direct3D 11.0 [level 11.1]
    Renderer: NVIDIA GeForce GTX 970M (ID=0x1618)
    Vendor:   
    VRAM:     6097 MB
    Driver:   27.21.14.6647
Initialize mono
Mono path[0] = 'C:/Program Files/Unity/Hub/Editor/2020.2.4f1/Editor/Data/Managed'
Mono path[1] = 'C:/Program Files/Unity/Hub/Editor/2020.2.4f1/Editor/Data/MonoBleedingEdge/lib/mono/unityjit'
Mono config path = 'C:/Program Files/Unity/Hub/Editor/2020.2.4f1/Editor/Data/MonoBleedingEdge/etc'
Using monoOptions --debugger-agent=transport=dt_socket,embedding=1,server=y,suspend=n,address=127.0.0.1:56112
Begin MonoManager ReloadAssembly
Registering precompiled unity dll's ...
Register platform support module: C:/Program Files/Unity/Hub/Editor/2020.2.4f1/Editor/Data/PlaybackEngines/WindowsStandaloneSupport/UnityEditor.WindowsStandalone.Extensions.dll
Registered in 0.003324 seconds.
Native extension for WindowsStandalone target not found
Refreshing native plugins compatible for Editor in 31.66 ms, found 0 plugins.
Preloading 0 native plugins for Editor in 0.00 ms.
Invoked RoslynAnalysisRunner static constructor.
RoslynAnalysisRunner will not be running.
RoslynAnalysisRunner has terminated.
Mono: successfully reloaded assembly
- Completed reload, in  1.387 seconds
Platform modules already initialized, skipping
Registering precompiled user dll's ...
Registered in 0.003523 seconds.
Begin MonoManager ReloadAssembly
Native extension for WindowsStandalone target not found
Refreshing native plugins compatible for Editor in 0.29 ms, found 0 plugins.
Preloading 0 native plugins for Editor in 0.00 ms.
Invoked RoslynAnalysisRunner static constructor.
RoslynAnalysisRunner will not be running.
RoslynAnalysisRunner has terminated.
Mono: successfully reloaded assembly
- Completed reload, in  0.998 seconds
Platform modules already initialized, skipping
========================================================================
Worker process is ready to serve import requests
Launched and connected shader compiler UnityShaderCompiler.exe after 2.36 seconds
Refreshing native plugins compatible for Editor in 0.29 ms, found 0 plugins.
Preloading 0 native plugins for Editor in 0.00 ms.
Unloading 1817 Unused Serialized files (Serialized files now loaded: 0)
System memory in use before: 76.5 MB.
System memory in use after: 76.5 MB.

Unloading 17 unused Assets to reduce memory usage. Loaded Objects now: 2251.
Total: 1.759800 ms (FindLiveObjects: 0.164800 ms CreateObjectMapping: 0.053500 ms MarkObjects: 1.430200 ms  DeleteObjects: 0.110300 ms)

========================================================================
Received Import Request.
  path: Assets/unity-sdk-core-1.2.4/IBM.Cloud.SDK.asmdef
  artifactKey: Guid(d569083d8cc43eb47ab35953bf2f2eac) Importer(815301076,1909f56bfc062723c751e8b465ee728b)
Start importing Assets/unity-sdk-core-1.2.4/IBM.Cloud.SDK.asmdef using Guid(d569083d8cc43eb47ab35953bf2f2eac) Importer(815301076,1909f56bfc062723c751e8b465ee728b)  -> (artifact id: '5ea9b59ba32c948ac4e198884f0be500') in 0.156659 seconds
  Import took 0.159514 seconds .

========================================================================
Received Import Request.
  Time since last request: 483.655502 seconds.
  path: Assets
  artifactKey: Guid(00000000000000001000000000000000) Importer(815301076,1909f56bfc062723c751e8b465ee728b)
Start importing Assets using Guid(00000000000000001000000000000000) Importer(815301076,1909f56bfc062723c751e8b465ee728b)  -> (artifact id: 'edc3feb264a98656617d3c2cb59c8f16') in 0.006733 seconds
  Import took 0.009939 seconds .

========================================================================
Received Import Request.
  Time since last request: 0.020955 seconds.
  path: Assets
  artifactKey: Guid(00000000000000001000000000000000) Importer(815301076,1909f56bfc062723c751e8b465ee728b)
Start importing Assets using Guid(00000000000000001000000000000000) Importer(815301076,1909f56bfc062723c751e8b465ee728b)  -> (artifact id: 'edc3feb264a98656617d3c2cb59c8f16') in 0.003718 seconds
  Import took 0.006771 seconds .

========================================================================
Received Import Request.
  Time since last request: 11.060614 seconds.
  path: Assets/LanguageTranslatorScript.cs
  artifactKey: Guid(54dd786a84b0f204689d35dfe4490e03) Importer(815301076,1909f56bfc062723c751e8b465ee728b)
Start importing Assets/LanguageTranslatorScript.cs using Guid(54dd786a84b0f204689d35dfe4490e03) Importer(815301076,1909f56bfc062723c751e8b465ee728b)  -> (artifact id: 'bb8962bcc09dd4852bb92f6ff7e99896') in 0.051450 seconds
  Import took 0.054997 seconds .

========================================================================
Received Prepare
Registering precompiled user dll's ...
Registered in 0.003993 seconds.
Begin MonoManager ReloadAssembly
Native extension for WindowsStandalone target not found
Refreshing native plugins compatible for Editor in 0.31 ms, found 0 plugins.
Preloading 0 native plugins for Editor in 0.00 ms.
Invoked RoslynAnalysisRunner static constructor.
RoslynAnalysisRunner will not be running.
RoslynAnalysisRunner has terminated.
Mono: successfully reloaded assembly
- Completed reload, in  0.871 seconds
Platform modules already initialized, skipping
Refreshing native plugins compatible for Editor in 0.30 ms, found 0 plugins.
Preloading 0 native plugins for Editor in 0.00 ms.
Unloading 1813 Unused Serialized files (Serialized files now loaded: 0)
System memory in use before: 76.5 MB.
System memory in use after: 76.5 MB.

Unloading 12 unused Assets to reduce memory usage. Loaded Objects now: 2254.
Total: 1.900900 ms (FindLiveObjects: 0.180600 ms CreateObjectMapping: 0.079100 ms MarkObjects: 1.533300 ms  DeleteObjects: 0.106800 ms)

========================================================================
Received Import Request.
  Time since last request: 236.094292 seconds.
  path: Assets/LanguageTranslatorScript.cs
  artifactKey: Guid(54dd786a84b0f204689d35dfe4490e03) Importer(815301076,1909f56bfc062723c751e8b465ee728b)
Start importing Assets/LanguageTranslatorScript.cs using Guid(54dd786a84b0f204689d35dfe4490e03) Importer(815301076,1909f56bfc062723c751e8b465ee728b)  -> (artifact id: 'b2670721232a8767b53ef48099d1b870') in 0.017738 seconds
  Import took 0.024588 seconds .

========================================================================
Received Import Request.
  Time since last request: 134.250636 seconds.
  path: Assets/unity-sdk-core-1.2.4
  artifactKey: Guid(caa92ec7228973d4791b4b8a6099a11c) Importer(815301076,1909f56bfc062723c751e8b465ee728b)
Start importing Assets/unity-sdk-core-1.2.4 using Guid(caa92ec7228973d4791b4b8a6099a11c) Importer(815301076,1909f56bfc062723c751e8b465ee728b)  -> (artifact id: '3a1450fa7ae5d7f23724cb92e68bc713') in 0.011814 seconds
  Import took 0.015185 seconds .

========================================================================
Received Import Request.
  Time since last request: 1.682156 seconds.
  path: Assets/unity-sdk-core-1.2.4/Authentication
  artifactKey: Guid(8e9bea78c76e140098df3988a4cff5d2) Importer(815301076,1909f56bfc062723c751e8b465ee728b)
Start importing Assets/unity-sdk-core-1.2.4/Authentication using Guid(8e9bea78c76e140098df3988a4cff5d2) Importer(815301076,1909f56bfc062723c751e8b465ee728b)  -> (artifact id: '248995c9c13c256178be4410d98e7466') in 0.010285 seconds
  Import took 0.013156 seconds .

========================================================================
Received Import Request.
  Time since last request: 39.843570 seconds.
  path: Assets/unity-sdk-5.1.1
  artifactKey: Guid(24a53d529a4ccc5498a9ca1d2a116a09) Importer(815301076,1909f56bfc062723c751e8b465ee728b)
Start importing Assets/unity-sdk-5.1.1 using Guid(24a53d529a4ccc5498a9ca1d2a116a09) Importer(815301076,1909f56bfc062723c751e8b465ee728b)  -> (artifact id: 'd267c627da880438fc73eb31be296dac') in 0.007945 seconds
  Import took 0.012353 seconds .

========================================================================
Received Import Request.
  Time since last request: 0.001061 seconds.
  path: Assets/unity-sdk-5.1.1
  artifactKey: Guid(24a53d529a4ccc5498a9ca1d2a116a09) Importer(815301076,1909f56bfc062723c751e8b465ee728b)
Start importing Assets/unity-sdk-5.1.1 using Guid(24a53d529a4ccc5498a9ca1d2a116a09) Importer(815301076,1909f56bfc062723c751e8b465ee728b)  -> (artifact id: 'd267c627da880438fc73eb31be296dac') in 0.008939 seconds
  Import took 0.014134 seconds .

========================================================================
Received Import Request.
  Time since last request: 0.088306 seconds.
  path: Assets/unity-sdk-5.1.1/WatsonUnitySDK.asmdef
  artifactKey: Guid(09e6844a19c44194dae71b5f6d5e2f12) Importer(815301076,1909f56bfc062723c751e8b465ee728b)
Start importing Assets/unity-sdk-5.1.1/WatsonUnitySDK.asmdef using Guid(09e6844a19c44194dae71b5f6d5e2f12) Importer(815301076,1909f56bfc062723c751e8b465ee728b)  -> (artifact id: '5b277de8fb4bfff6ceec75477619ed35') in 0.006328 seconds
  Import took 0.009630 seconds .

========================================================================
Received Prepare
Registering precompiled user dll's ...
Registered in 0.003779 seconds.
Begin MonoManager ReloadAssembly
Native extension for WindowsStandalone target not found
Refreshing native plugins compatible for Editor in 0.29 ms, found 0 plugins.
Preloading 0 native plugins for Editor in 0.00 ms.
Invoked RoslynAnalysisRunner static constructor.
RoslynAnalysisRunner will not be running.
RoslynAnalysisRunner has terminated.
Mono: successfully reloaded assembly
- Completed reload, in  0.842 seconds
Platform modules already initialized, skipping
Refreshing native plugins compatible for Editor in 0.33 ms, found 0 plugins.
Preloading 0 native plugins for Editor in 0.00 ms.
Unloading 1813 Unused Serialized files (Serialized files now loaded: 0)
System memory in use before: 76.5 MB.
System memory in use after: 76.6 MB.

Unloading 12 unused Assets to reduce memory usage. Loaded Objects now: 2256.
Total: 2.084900 ms (FindLiveObjects: 0.283300 ms CreateObjectMapping: 0.127500 ms MarkObjects: 1.568000 ms  DeleteObjects: 0.104500 ms)

========================================================================
Received Prepare
Registering precompiled user dll's ...
Registered in 0.003789 seconds.
Begin MonoManager ReloadAssembly
Native extension for WindowsStandalone target not found
Refreshing native plugins compatible for Editor in 0.34 ms, found 0 plugins.
Preloading 0 native plugins for Editor in 0.00 ms.
Invoked RoslynAnalysisRunner static constructor.
RoslynAnalysisRunner will not be running.
RoslynAnalysisRunner has terminated.
Mono: successfully reloaded assembly
- Completed reload, in  0.856 seconds
Platform modules already initialized, skipping
Refreshing native plugins compatible for Editor in 0.37 ms, found 0 plugins.
Preloading 0 native plugins for Editor in 0.00 ms.
Unloading 1813 Unused Serialized files (Serialized files now loaded: 0)
System memory in use before: 76.5 MB.
System memory in use after: 76.6 MB.

Unloading 12 unused Assets to reduce memory usage. Loaded Objects now: 2258.
Total: 2.008900 ms (FindLiveObjects: 0.211500 ms CreateObjectMapping: 0.067700 ms MarkObjects: 1.638800 ms  DeleteObjects: 0.089300 ms)

========================================================================
Received Prepare
Registering precompiled user dll's ...
Registered in 0.005083 seconds.
Begin MonoManager ReloadAssembly
Native extension for WindowsStandalone target not found
Refreshing native plugins compatible for Editor in 0.53 ms, found 0 plugins.
Preloading 0 native plugins for Editor in 0.00 ms.
Invoked RoslynAnalysisRunner static constructor.
RoslynAnalysisRunner will not be running.
RoslynAnalysisRunner has terminated.
Mono: successfully reloaded assembly
- Completed reload, in  0.890 seconds
Platform modules already initialized, skipping
Refreshing native plugins compatible for Editor in 0.34 ms, found 0 plugins.
Preloading 0 native plugins for Editor in 0.00 ms.
Unloading 1813 Unused Serialized files (Serialized files now loaded: 0)
System memory in use before: 76.5 MB.
System memory in use after: 76.6 MB.

Unloading 12 unused Assets to reduce memory usage. Loaded Objects now: 2260.
Total: 1.902300 ms (FindLiveObjects: 0.274000 ms CreateObjectMapping: 0.101100 ms MarkObjects: 1.419200 ms  DeleteObjects: 0.106400 ms)

========================================================================
Received Prepare
Registering precompiled user dll's ...
Registered in 0.003360 seconds.
Begin MonoManager ReloadAssembly
Native extension for WindowsStandalone target not found
Refreshing native plugins compatible for Editor in 0.30 ms, found 0 plugins.
Preloading 0 native plugins for Editor in 0.00 ms.
Invoked RoslynAnalysisRunner static constructor.
RoslynAnalysisRunner will not be running.
RoslynAnalysisRunner has terminated.
Mono: successfully reloaded assembly
- Completed reload, in  0.856 seconds
Platform modules already initialized, skipping
Refreshing native plugins compatible for Editor in 0.30 ms, found 0 plugins.
Preloading 0 native plugins for Editor in 0.00 ms.
Unloading 1813 Unused Serialized files (Serialized files now loaded: 0)
System memory in use before: 76.5 MB.
System memory in use after: 76.6 MB.

Unloading 12 unused Assets to reduce memory usage. Loaded Objects now: 2262.
Total: 1.574700 ms (FindLiveObjects: 0.175300 ms CreateObjectMapping: 0.067300 ms MarkObjects: 1.276500 ms  DeleteObjects: 0.054200 ms)

========================================================================
Received Prepare
Registering precompiled user dll's ...
Registered in 0.003733 seconds.
Begin MonoManager ReloadAssembly
Native extension for WindowsStandalone target not found
Refreshing native plugins compatible for Editor in 0.30 ms, found 0 plugins.
Preloading 0 native plugins for Editor in 0.00 ms.
Invoked RoslynAnalysisRunner static constructor.
RoslynAnalysisRunner will not be running.
RoslynAnalysisRunner has terminated.
Mono: successfully reloaded assembly
- Completed reload, in  0.845 seconds
Platform modules already initialized, skipping
Refreshing native plugins compatible for Editor in 0.31 ms, found 0 plugins.
Preloading 0 native plugins for Editor in 0.00 ms.
Unloading 1813 Unused Serialized files (Serialized files now loaded: 0)
System memory in use before: 76.5 MB.
System memory in use after: 76.6 MB.

Unloading 12 unused Assets to reduce memory usage. Loaded Objects now: 2264.
Total: 1.664200 ms (FindLiveObjects: 0.212900 ms CreateObjectMapping: 0.078000 ms MarkObjects: 1.317100 ms  DeleteObjects: 0.054800 ms)

========================================================================
Received Prepare
Registering precompiled user dll's ...
Registered in 0.003299 seconds.
Begin MonoManager ReloadAssembly
Native extension for WindowsStandalone target not found
Refreshing native plugins compatible for Editor in 0.34 ms, found 0 plugins.
Preloading 0 native plugins for Editor in 0.00 ms.
Invoked RoslynAnalysisRunner static constructor.
RoslynAnalysisRunner will not be running.
RoslynAnalysisRunner has terminated.
Mono: successfully reloaded assembly
- Completed reload, in  0.817 seconds
Platform modules already initialized, skipping
Refreshing native plugins compatible for Editor in 0.31 ms, found 0 plugins.
Preloading 0 native plugins for Editor in 0.00 ms.
Unloading 1813 Unused Serialized files (Serialized files now loaded: 0)
System memory in use before: 76.6 MB.
System memory in use after: 76.7 MB.

Unloading 12 unused Assets to reduce memory usage. Loaded Objects now: 2266.
Total: 1.738100 ms (FindLiveObjects: 0.209100 ms CreateObjectMapping: 0.078200 ms MarkObjects: 1.393200 ms  DeleteObjects: 0.055200 ms)

========================================================================
Received Import Request.
  Time since last request: 1272.054429 seconds.
  path: Assets/ChatLogScript.cs
  artifactKey: Guid(9c997170f8d21454ea7b1f23112aec1e) Importer(815301076,1909f56bfc062723c751e8b465ee728b)
Start importing Assets/ChatLogScript.cs using Guid(9c997170f8d21454ea7b1f23112aec1e) Importer(815301076,1909f56bfc062723c751e8b465ee728b)  -> (artifact id: '9a91121c477b1c62d7e6c8946d467944') in 0.014482 seconds
  Import took 0.017756 seconds .

========================================================================
Received Prepare
Registering precompiled user dll's ...
Registered in 0.003752 seconds.
Begin MonoManager ReloadAssembly
Native extension for WindowsStandalone target not found
Refreshing native plugins compatible for Editor in 0.32 ms, found 0 plugins.
Preloading 0 native plugins for Editor in 0.00 ms.
Invoked RoslynAnalysisRunner static constructor.
RoslynAnalysisRunner will not be running.
RoslynAnalysisRunner has terminated.
Mono: successfully reloaded assembly
- Completed reload, in  0.849 seconds
Platform modules already initialized, skipping
Refreshing native plugins compatible for Editor in 0.36 ms, found 0 plugins.
Preloading 0 native plugins for Editor in 0.00 ms.
Unloading 1814 Unused Serialized files (Serialized files now loaded: 0)
System memory in use before: 76.7 MB.
System memory in use after: 76.8 MB.

Unloading 12 unused Assets to reduce memory usage. Loaded Objects now: 2269.
Total: 2.036100 ms (FindLiveObjects: 0.290300 ms CreateObjectMapping: 0.069400 ms MarkObjects: 1.584600 ms  DeleteObjects: 0.090600 ms)

========================================================================
Received Import Request.
  Time since last request: 134.566397 seconds.
  path: Assets/Text.prefab
  artifactKey: Guid(428ffe83040be6241b6419056c0d2e46) Importer(815301076,1909f56bfc062723c751e8b465ee728b)
Start importing Assets/Text.prefab using Guid(428ffe83040be6241b6419056c0d2e46) Importer(815301076,1909f56bfc062723c751e8b465ee728b)  -> (artifact id: '9235ca045de08ce5e84b37d8bd01d7ef') in 0.061489 seconds
  Import took 0.065113 seconds .

========================================================================
Received Prepare
Registering precompiled user dll's ...
Registered in 0.003423 seconds.
Begin MonoManager ReloadAssembly
Native extension for WindowsStandalone target not found
Refreshing native plugins compatible for Editor in 0.29 ms, found 0 plugins.
Preloading 0 native plugins for Editor in 0.00 ms.
Invoked RoslynAnalysisRunner static constructor.
RoslynAnalysisRunner will not be running.
RoslynAnalysisRunner has terminated.
Mono: successfully reloaded assembly
- Completed reload, in  0.856 seconds
Platform modules already initialized, skipping
Refreshing native plugins compatible for Editor in 0.31 ms, found 0 plugins.
Preloading 0 native plugins for Editor in 0.00 ms.
Unloading 1814 Unused Serialized files (Serialized files now loaded: 0)
System memory in use before: 76.8 MB.
System memory in use after: 76.8 MB.

Unloading 12 unused Assets to reduce memory usage. Loaded Objects now: 2273.
Total: 1.894500 ms (FindLiveObjects: 0.171700 ms CreateObjectMapping: 0.068200 ms MarkObjects: 1.549200 ms  DeleteObjects: 0.104300 ms)

========================================================================
Received Prepare
Registering precompiled user dll's ...
Registered in 0.004918 seconds.
Begin MonoManager ReloadAssembly
Native extension for WindowsStandalone target not found
Refreshing native plugins compatible for Editor in 0.38 ms, found 0 plugins.
Preloading 0 native plugins for Editor in 0.00 ms.
Invoked RoslynAnalysisRunner static constructor.
RoslynAnalysisRunner will not be running.
RoslynAnalysisRunner has terminated.
Mono: successfully reloaded assembly
- Completed reload, in  0.906 seconds
Platform modules already initialized, skipping
Refreshing native plugins compatible for Editor in 0.30 ms, found 0 plugins.
Preloading 0 native plugins for Editor in 0.00 ms.
Unloading 1814 Unused Serialized files (Serialized files now loaded: 0)
System memory in use before: 76.8 MB.
System memory in use after: 76.9 MB.

Unloading 12 unused Assets to reduce memory usage. Loaded Objects now: 2275.
Total: 1.909200 ms (FindLiveObjects: 0.245200 ms CreateObjectMapping: 0.169500 ms MarkObjects: 1.377900 ms  DeleteObjects: 0.115000 ms)

========================================================================
Received Prepare
Registering precompiled user dll's ...
Registered in 0.003637 seconds.
Begin MonoManager ReloadAssembly
Native extension for WindowsStandalone target not found
Refreshing native plugins compatible for Editor in 0.29 ms, found 0 plugins.
Preloading 0 native plugins for Editor in 0.00 ms.
Invoked RoslynAnalysisRunner static constructor.
RoslynAnalysisRunner will not be running.
RoslynAnalysisRunner has terminated.
Mono: successfully reloaded assembly
- Completed reload, in  0.901 seconds
Platform modules already initialized, skipping
Refreshing native plugins compatible for Editor in 0.41 ms, found 0 plugins.
Preloading 0 native plugins for Editor in 0.00 ms.
Unloading 1814 Unused Serialized files (Serialized files now loaded: 0)
System memory in use before: 76.7 MB.
System memory in use after: 76.8 MB.

Unloading 12 unused Assets to reduce memory usage. Loaded Objects now: 2277.
Total: 2.006800 ms (FindLiveObjects: 0.256900 ms CreateObjectMapping: 0.074200 ms MarkObjects: 1.598000 ms  DeleteObjects: 0.076100 ms)

========================================================================
Received Prepare
Registering precompiled user dll's ...
Registered in 0.003770 seconds.
Begin MonoManager ReloadAssembly
Native extension for WindowsStandalone target not found
Refreshing native plugins compatible for Editor in 0.34 ms, found 0 plugins.
Preloading 0 native plugins for Editor in 0.00 ms.
Invoked RoslynAnalysisRunner static constructor.
RoslynAnalysisRunner will not be running.
RoslynAnalysisRunner has terminated.
Mono: successfully reloaded assembly
- Completed reload, in  0.875 seconds
Platform modules already initialized, skipping
Refreshing native plugins compatible for Editor in 0.33 ms, found 0 plugins.
Preloading 0 native plugins for Editor in 0.00 ms.
Unloading 1814 Unused Serialized files (Serialized files now loaded: 0)
System memory in use before: 76.7 MB.
System memory in use after: 76.8 MB.

Unloading 12 unused Assets to reduce memory usage. Loaded Objects now: 2279.
Total: 1.644600 ms (FindLiveObjects: 0.206600 ms CreateObjectMapping: 0.079600 ms MarkObjects: 1.301900 ms  DeleteObjects: 0.055300 ms)

========================================================================
Received Prepare
Registering precompiled user dll's ...
Registered in 0.003507 seconds.
Begin MonoManager ReloadAssembly
Native extension for WindowsStandalone target not found
Refreshing native plugins compatible for Editor in 0.29 ms, found 0 plugins.
Preloading 0 native plugins for Editor in 0.00 ms.
Invoked RoslynAnalysisRunner static constructor.
RoslynAnalysisRunner will not be running.
RoslynAnalysisRunner has terminated.
Mono: successfully reloaded assembly
- Completed reload, in  0.838 seconds
Platform modules already initialized, skipping
Refreshing native plugins compatible for Editor in 0.30 ms, found 0 plugins.
Preloading 0 native plugins for Editor in 0.00 ms.
Unloading 1814 Unused Serialized files (Serialized files now loaded: 0)
System memory in use before: 76.7 MB.
System memory in use after: 76.8 MB.

Unloading 12 unused Assets to reduce memory usage. Loaded Objects now: 2281.
Total: 1.861500 ms (FindLiveObjects: 0.189600 ms CreateObjectMapping: 0.107500 ms MarkObjects: 1.503500 ms  DeleteObjects: 0.059600 ms)

========================================================================
Received Import Request.
  Time since last request: 632.891952 seconds.
  path: Assets/DropdownScript.cs
  artifactKey: Guid(7e3c17dea4a169c4595e2c2899624a32) Importer(815301076,1909f56bfc062723c751e8b465ee728b)
Start importing Assets/DropdownScript.cs using Guid(7e3c17dea4a169c4595e2c2899624a32) Importer(815301076,1909f56bfc062723c751e8b465ee728b)  -> (artifact id: 'df52ae6423a69508b41ab9b46525e192') in 0.022546 seconds
  Import took 0.025600 seconds .

========================================================================
Received Import Request.
  Time since last request: 0.244427 seconds.
  path: Assets/DropdownScript.cs
  artifactKey: Guid(7e3c17dea4a169c4595e2c2899624a32) Importer(815301076,1909f56bfc062723c751e8b465ee728b)
Start importing Assets/DropdownScript.cs using Guid(7e3c17dea4a169c4595e2c2899624a32) Importer(815301076,1909f56bfc062723c751e8b465ee728b)  -> (artifact id: 'df52ae6423a69508b41ab9b46525e192') in 0.011354 seconds
  Import took 0.017501 seconds .

========================================================================
Received Prepare
Registering precompiled user dll's ...
Registered in 0.003538 seconds.
Begin MonoManager ReloadAssembly
Native extension for WindowsStandalone target not found
Refreshing native plugins compatible for Editor in 0.30 ms, found 0 plugins.
Preloading 0 native plugins for Editor in 0.00 ms.
Invoked RoslynAnalysisRunner static constructor.
RoslynAnalysisRunner will not be running.
RoslynAnalysisRunner has terminated.
Mono: successfully reloaded assembly
- Completed reload, in  0.852 seconds
Platform modules already initialized, skipping
Refreshing native plugins compatible for Editor in 0.30 ms, found 0 plugins.
Preloading 0 native plugins for Editor in 0.00 ms.
Unloading 1815 Unused Serialized files (Serialized files now loaded: 0)
System memory in use before: 76.7 MB.
System memory in use after: 76.8 MB.

Unloading 12 unused Assets to reduce memory usage. Loaded Objects now: 2284.
Total: 2.043500 ms (FindLiveObjects: 0.257400 ms CreateObjectMapping: 0.102000 ms MarkObjects: 1.578400 ms  DeleteObjects: 0.104200 ms)

========================================================================
Received Prepare
Registering precompiled user dll's ...
Registered in 0.003397 seconds.
Begin MonoManager ReloadAssembly
Native extension for WindowsStandalone target not found
Refreshing native plugins compatible for Editor in 0.40 ms, found 0 plugins.
Preloading 0 native plugins for Editor in 0.00 ms.
Invoked RoslynAnalysisRunner static constructor.
RoslynAnalysisRunner will not be running.
RoslynAnalysisRunner has terminated.
Mono: successfully reloaded assembly
- Completed reload, in  0.845 seconds
Platform modules already initialized, skipping
Refreshing native plugins compatible for Editor in 0.34 ms, found 0 plugins.
Preloading 0 native plugins for Editor in 0.00 ms.
Unloading 1815 Unused Serialized files (Serialized files now loaded: 0)
System memory in use before: 76.7 MB.
System memory in use after: 76.8 MB.

Unloading 12 unused Assets to reduce memory usage. Loaded Objects now: 2286.
Total: 2.786000 ms (FindLiveObjects: 0.282500 ms CreateObjectMapping: 0.097400 ms MarkObjects: 2.285500 ms  DeleteObjects: 0.118400 ms)

========================================================================
Received Import Request.
  Time since last request: 219.014133 seconds.
  path: Assets/DropdownScript.cs
  artifactKey: Guid(7e3c17dea4a169c4595e2c2899624a32) Importer(815301076,1909f56bfc062723c751e8b465ee728b)
Start importing Assets/DropdownScript.cs using Guid(7e3c17dea4a169c4595e2c2899624a32) Importer(815301076,1909f56bfc062723c751e8b465ee728b)  -> (artifact id: 'b909e35ed75cc96a98defca1eb3f121a') in 0.006912 seconds
  Import took 0.010043 seconds .

========================================================================
Received Prepare
Registering precompiled user dll's ...
Registered in 0.003423 seconds.
Begin MonoManager ReloadAssembly
Native extension for WindowsStandalone target not found
Refreshing native plugins compatible for Editor in 0.32 ms, found 0 plugins.
Preloading 0 native plugins for Editor in 0.00 ms.
Invoked RoslynAnalysisRunner static constructor.
RoslynAnalysisRunner will not be running.
RoslynAnalysisRunner has terminated.
Mono: successfully reloaded assembly
- Completed reload, in  0.868 seconds
Platform modules already initialized, skipping
Refreshing native plugins compatible for Editor in 0.32 ms, found 0 plugins.
Preloading 0 native plugins for Editor in 0.00 ms.
Unloading 1815 Unused Serialized files (Serialized files now loaded: 0)
System memory in use before: 76.7 MB.
System memory in use after: 76.8 MB.

Unloading 12 unused Assets to reduce memory usage. Loaded Objects now: 2288.
Total: 2.168500 ms (FindLiveObjects: 0.306100 ms CreateObjectMapping: 0.131100 ms MarkObjects: 1.625500 ms  DeleteObjects: 0.104200 ms)

========================================================================
Received Prepare
Registering precompiled user dll's ...
Registered in 0.003551 seconds.
Begin MonoManager ReloadAssembly
Native extension for WindowsStandalone target not found
Refreshing native plugins compatible for Editor in 0.41 ms, found 0 plugins.
Preloading 0 native plugins for Editor in 0.00 ms.
Invoked RoslynAnalysisRunner static constructor.
RoslynAnalysisRunner will not be running.
RoslynAnalysisRunner has terminated.
Mono: successfully reloaded assembly
- Completed reload, in  0.834 seconds
Platform modules already initialized, skipping
Refreshing native plugins compatible for Editor in 0.30 ms, found 0 plugins.
Preloading 0 native plugins for Editor in 0.00 ms.
Unloading 1815 Unused Serialized files (Serialized files now loaded: 0)
System memory in use before: 76.7 MB.
System memory in use after: 76.8 MB.

Unloading 12 unused Assets to reduce memory usage. Loaded Objects now: 2290.
Total: 1.774200 ms (FindLiveObjects: 0.244500 ms CreateObjectMapping: 0.085700 ms MarkObjects: 1.387800 ms  DeleteObjects: 0.054900 ms)

========================================================================
Received Prepare
Registering precompiled user dll's ...
Registered in 0.003979 seconds.
Begin MonoManager ReloadAssembly
Native extension for WindowsStandalone target not found
Refreshing native plugins compatible for Editor in 0.35 ms, found 0 plugins.
Preloading 0 native plugins for Editor in 0.00 ms.
Invoked RoslynAnalysisRunner static constructor.
RoslynAnalysisRunner will not be running.
RoslynAnalysisRunner has terminated.
Mono: successfully reloaded assembly
- Completed reload, in  0.849 seconds
Platform modules already initialized, skipping
Refreshing native plugins compatible for Editor in 0.30 ms, found 0 plugins.
Preloading 0 native plugins for Editor in 0.00 ms.
Unloading 1815 Unused Serialized files (Serialized files now loaded: 0)
System memory in use before: 76.8 MB.
System memory in use after: 76.9 MB.

Unloading 12 unused Assets to reduce memory usage. Loaded Objects now: 2292.
Total: 1.988900 ms (FindLiveObjects: 0.239100 ms CreateObjectMapping: 0.083400 ms MarkObjects: 1.608500 ms  DeleteObjects: 0.056300 ms)

AssetImportWorkerClient::OnTransportError - code=2 error=End of file
